2025-06-14 23:41:31,143 - __main__ - INFO - Loading envs... : True
2025-06-14 23:41:33,255 - __main__ - ERROR - Target group id is not found
2025-06-14 14:53:58,650 - __main__ - INFO - Loading envs... : False
2025-06-14 14:53:59,072 - __main__ - ERROR - Target group id is not found
2025-06-14 14:57:55,505 - __main__ - INFO - Loading envs... : False
2025-06-14 14:57:56,052 - __main__ - ERROR - Target group id is not found
2025-06-19 12:27:52,097 - __main__ - INFO - Loading envs... : False
2025-06-19 12:27:53,418 - __main__ - INFO - Total: 1.0
2025-06-19 12:31:26,856 - __main__ - INFO - Loading envs... : False
2025-06-19 12:31:28,168 - __main__ - INFO - Total: 1.0
2025-06-19 13:08:52,852 - __main__ - INFO - Loading envs... : False
2025-06-19 13:08:54,589 - __main__ - INFO - Total: 1.0
2025-06-19 13:40:32,240 - __main__ - INFO - Loading envs... : False
2025-06-19 13:40:34,296 - __main__ - INFO - Total: 1.0
2025-06-19 13:51:57,606 - __main__ - INFO - Loading envs... : False
2025-06-19 13:52:00,144 - __main__ - INFO - Total: 1.0
2025-06-19 13:59:04,167 - __main__ - INFO - Loading envs... : False
2025-06-19 13:59:05,437 - __main__ - INFO - Total: 1.0
2025-06-19 14:19:49,647 - __main__ - INFO - Loading envs... : False
2025-06-19 14:19:51,832 - __main__ - INFO - Total: 1.0
2025-06-19 14:39:41,035 - __main__ - INFO - Loading envs... : False
2025-06-19 14:39:42,713 - __main__ - INFO - Total: 1.0
2025-06-19 14:50:14,463 - __main__ - INFO - Loading envs... : False
2025-06-19 14:50:15,778 - __main__ - INFO - Total: 1.0
2025-06-19 14:57:19,042 - __main__ - INFO - Loading envs... : False
2025-06-19 14:57:20,375 - __main__ - INFO - Total: 1.0
2025-06-19 15:17:23,571 - __main__ - INFO - Loading envs... : False
2025-06-19 15:17:26,446 - __main__ - INFO - Total: 1.0
2025-06-19 15:35:15,406 - __main__ - INFO - Loading envs... : False
2025-06-19 15:35:18,264 - __main__ - INFO - Total: 1.0
2025-06-19 15:46:27,434 - __main__ - INFO - Loading envs... : False
2025-06-19 15:46:28,783 - __main__ - INFO - Total: 1.0
2025-06-19 15:53:54,208 - __main__ - INFO - Loading envs... : False
2025-06-19 15:53:56,751 - __main__ - INFO - Total: 1.0
2025-06-19 16:10:50,624 - __main__ - INFO - Loading envs... : False
2025-06-19 16:10:53,473 - __main__ - INFO - Total: 1.0
2025-06-19 16:38:46,399 - __main__ - INFO - Loading envs... : False
2025-06-19 16:38:48,478 - __main__ - INFO - Total: 1.0
2025-06-19 16:53:35,152 - __main__ - INFO - Loading envs... : False
2025-06-19 16:53:37,869 - __main__ - INFO - Total: 1.0
2025-06-19 17:07:23,234 - __main__ - INFO - Loading envs... : False
2025-06-19 17:07:25,238 - __main__ - INFO - Total: 1.0
2025-06-19 17:30:36,774 - __main__ - INFO - Loading envs... : False
2025-06-19 17:30:38,977 - __main__ - INFO - Total: 1.0
2025-06-19 17:44:47,962 - __main__ - INFO - Loading envs... : False
2025-06-19 17:44:49,727 - __main__ - INFO - Total: 1.0
2025-06-19 17:52:54,208 - __main__ - INFO - Loading envs... : False
2025-06-19 17:52:55,832 - __main__ - INFO - Total: 1.0
2025-06-19 17:59:55,213 - __main__ - INFO - Loading envs... : False
2025-06-19 17:59:56,550 - __main__ - INFO - Total: 1.0
2025-06-19 18:31:25,620 - __main__ - INFO - Loading envs... : False
2025-06-19 18:31:28,041 - __main__ - INFO - Total: 1.0
2025-06-19 18:50:14,922 - __main__ - INFO - Loading envs... : False
2025-06-19 18:50:16,378 - __main__ - INFO - Total: 1.0
2025-06-19 18:57:25,068 - __main__ - INFO - Loading envs... : False
2025-06-19 18:57:27,316 - __main__ - INFO - Total: 1.0
2025-06-19 19:12:30,308 - __main__ - INFO - Loading envs... : False
2025-06-19 19:12:32,012 - __main__ - INFO - Total: 1.0
2025-06-19 19:24:25,177 - __main__ - INFO - Loading envs... : False
2025-06-19 19:24:28,051 - __main__ - INFO - Total: 1.0
2025-06-19 19:32:20,639 - __main__ - INFO - Loading envs... : False
2025-06-19 19:32:22,960 - __main__ - INFO - Total: 1.0
2025-06-19 19:41:04,950 - __main__ - INFO - Loading envs... : False
2025-06-19 19:41:06,438 - __main__ - INFO - Total: 1.0
2025-06-19 19:48:10,374 - __main__ - INFO - Loading envs... : False
2025-06-19 19:48:12,402 - __main__ - INFO - Total: 1.0
2025-06-19 19:55:10,714 - __main__ - INFO - Loading envs... : False
2025-06-19 19:55:12,875 - __main__ - INFO - Total: 1.0
2025-06-19 20:13:54,427 - __main__ - INFO - Loading envs... : False
2025-06-19 20:13:55,741 - __main__ - INFO - Total: 1.0
2025-06-19 20:34:09,979 - __main__ - INFO - Loading envs... : False
2025-06-19 20:34:11,370 - __main__ - INFO - Total: 1.0
2025-06-19 20:46:53,170 - __main__ - INFO - Loading envs... : False
2025-06-19 20:46:54,833 - __main__ - INFO - Total: 1.0
2025-06-19 20:55:03,380 - __main__ - INFO - Loading envs... : False
2025-06-19 20:55:04,987 - __main__ - INFO - Total: 1.0
2025-06-19 21:10:17,415 - __main__ - INFO - Loading envs... : False
2025-06-19 21:10:19,181 - __main__ - INFO - Total: 1.0
2025-06-19 21:28:05,629 - __main__ - INFO - Loading envs... : False
2025-06-19 21:28:07,823 - __main__ - INFO - Total: 1.0
2025-06-19 21:39:06,188 - __main__ - INFO - Loading envs... : False
2025-06-19 21:39:08,040 - __main__ - INFO - Total: 1.0
2025-06-19 21:46:13,411 - __main__ - INFO - Loading envs... : False
2025-06-19 21:46:15,596 - __main__ - INFO - Total: 1.0
2025-06-19 21:53:16,263 - __main__ - INFO - Loading envs... : False
2025-06-19 21:53:17,510 - __main__ - INFO - Total: 1.0
2025-06-19 22:00:27,192 - __main__ - INFO - Loading envs... : False
2025-06-19 22:00:28,993 - __main__ - INFO - Total: 1.0
2025-06-19 22:22:26,462 - __main__ - INFO - Loading envs... : False
2025-06-19 22:22:28,727 - __main__ - INFO - Total: 1.0
2025-06-19 22:39:03,189 - __main__ - INFO - Loading envs... : False
2025-06-19 22:39:04,712 - __main__ - INFO - Total: 1.0
2025-06-19 22:48:50,390 - __main__ - INFO - Loading envs... : False
2025-06-19 22:48:52,445 - __main__ - INFO - Total: 1.0
2025-06-19 22:55:51,150 - __main__ - INFO - Loading envs... : False
2025-06-19 22:55:52,867 - __main__ - INFO - Total: 1.0
2025-06-19 23:13:01,572 - __main__ - INFO - Loading envs... : False
2025-06-19 23:13:03,593 - __main__ - INFO - Total: 1.0
2025-06-19 23:30:16,748 - __main__ - INFO - Loading envs... : False
2025-06-19 23:30:19,184 - __main__ - INFO - Total: 1.0
2025-06-19 23:42:04,672 - __main__ - INFO - Loading envs... : False
2025-06-19 23:42:07,271 - __main__ - INFO - Total: 1.0
2025-06-19 23:49:17,708 - __main__ - INFO - Loading envs... : False
2025-06-19 23:49:19,466 - __main__ - INFO - Total: 1.0
2025-06-19 23:56:24,105 - __main__ - INFO - Loading envs... : False
2025-06-19 23:56:26,682 - __main__ - INFO - Total: 1.0
2025-06-20 01:11:32,505 - __main__ - INFO - Loading envs... : False
2025-06-20 01:11:34,277 - __main__ - INFO - Total: 1.0
2025-06-20 02:54:25,732 - __main__ - INFO - Loading envs... : False
2025-06-20 02:54:27,645 - __main__ - INFO - Total: 1.0
2025-06-20 03:41:05,749 - __main__ - INFO - Loading envs... : False
2025-06-20 03:41:07,934 - __main__ - INFO - Total: 1.0
2025-06-20 04:03:06,456 - __main__ - INFO - Loading envs... : False
2025-06-20 04:03:08,481 - __main__ - INFO - Total: 1.0
2025-06-20 04:35:21,035 - __main__ - INFO - Loading envs... : False
2025-06-20 04:35:22,931 - __main__ - INFO - Total: 1.0
2025-06-20 04:53:02,400 - __main__ - INFO - Loading envs... : False
2025-06-20 04:53:05,152 - __main__ - INFO - Total: 1.0
2025-06-20 05:09:42,387 - __main__ - INFO - Loading envs... : False
2025-06-20 05:09:45,177 - __main__ - INFO - Total: 1.0
2025-06-20 05:33:38,734 - __main__ - INFO - Loading envs... : False
2025-06-20 05:33:40,508 - __main__ - INFO - Total: 1.0
2025-06-20 05:46:44,766 - __main__ - INFO - Loading envs... : False
2025-06-20 05:46:47,667 - __main__ - INFO - Total: 1.0
2025-06-20 05:53:42,276 - __main__ - INFO - Loading envs... : False
2025-06-20 05:53:44,106 - __main__ - INFO - Total: 1.0
2025-06-20 06:13:06,116 - __main__ - INFO - Loading envs... : False
2025-06-20 06:13:08,335 - __main__ - INFO - Total: 1.0
2025-06-20 06:44:21,650 - __main__ - INFO - Loading envs... : False
2025-06-20 06:44:23,882 - __main__ - INFO - Total: 1.0
2025-06-20 06:57:31,557 - __main__ - INFO - Loading envs... : False
2025-06-20 06:57:34,327 - __main__ - INFO - Total: 1.0
2025-06-20 07:16:40,393 - __main__ - INFO - Loading envs... : False
2025-06-20 07:16:43,314 - __main__ - INFO - Total: 1.0
2025-06-20 07:32:02,779 - __main__ - INFO - Loading envs... : False
2025-06-20 07:32:05,365 - __main__ - INFO - Total: 1.0
2025-06-20 07:43:04,362 - __main__ - INFO - Loading envs... : False
2025-06-20 07:43:07,750 - __main__ - INFO - Total: 1.0
2025-06-20 07:50:04,008 - __main__ - INFO - Loading envs... : False
2025-06-20 07:50:05,491 - __main__ - INFO - Total: 1.0
2025-06-20 07:56:51,299 - __main__ - INFO - Loading envs... : False
2025-06-20 07:56:55,124 - __main__ - INFO - Total: 1.0
2025-06-20 08:21:05,423 - __main__ - INFO - Loading envs... : False
2025-06-20 08:21:07,320 - __main__ - INFO - Total: 1.0
2025-06-20 08:44:24,610 - __main__ - INFO - Loading envs... : False
2025-06-20 08:44:26,917 - __main__ - INFO - Total: 1.0
2025-06-20 08:57:06,030 - __main__ - INFO - Loading envs... : False
2025-06-20 08:57:08,183 - __main__ - INFO - Total: 1.0
2025-06-20 09:17:07,961 - __main__ - INFO - Loading envs... : False
2025-06-20 09:17:09,849 - __main__ - INFO - Total: 1.0
2025-06-20 09:35:23,697 - __main__ - INFO - Loading envs... : False
2025-06-20 09:35:26,015 - __main__ - INFO - Total: 1.0
2025-06-20 09:47:13,361 - __main__ - INFO - Loading envs... : False
2025-06-20 09:47:15,111 - __main__ - INFO - Total: 1.0
2025-06-20 09:54:09,954 - __main__ - INFO - Loading envs... : False
2025-06-20 09:54:11,701 - __main__ - INFO - Total: 1.0
2025-06-20 10:10:31,710 - __main__ - INFO - Loading envs... : False
2025-06-20 10:10:33,456 - __main__ - INFO - Total: 1.0
2025-06-20 10:36:21,922 - __main__ - INFO - Loading envs... : False
2025-06-20 10:36:23,814 - __main__ - INFO - Total: 1.0
2025-06-20 10:50:13,360 - __main__ - INFO - Loading envs... : False
2025-06-20 10:50:15,343 - __main__ - INFO - Total: 1.0
2025-06-20 10:57:13,926 - __main__ - INFO - Loading envs... : False
2025-06-20 10:57:15,479 - __main__ - INFO - Total: 1.0
2025-06-20 11:14:06,361 - __main__ - INFO - Loading envs... : False
2025-06-20 11:14:08,132 - __main__ - INFO - Total: 1.0
2025-06-20 11:28:06,810 - __main__ - INFO - Loading envs... : False
2025-06-20 11:28:08,794 - __main__ - INFO - Total: 1.0
2025-06-20 11:38:48,233 - __main__ - INFO - Loading envs... : False
2025-06-20 11:38:50,453 - __main__ - INFO - Total: 1.0
2025-06-20 11:47:10,701 - __main__ - INFO - Loading envs... : False
2025-06-20 11:47:12,505 - __main__ - INFO - Total: 1.0
2025-06-20 11:54:13,065 - __main__ - INFO - Loading envs... : False
2025-06-20 11:54:15,668 - __main__ - INFO - Total: 1.0
2025-06-20 12:18:48,765 - __main__ - INFO - Loading envs... : False
2025-06-20 12:18:50,576 - __main__ - INFO - Total: 1.0
2025-06-20 13:01:55,985 - __main__ - INFO - Loading envs... : False
2025-06-20 13:01:58,268 - __main__ - INFO - Total: 1.0
2025-06-20 13:36:24,723 - __main__ - INFO - Loading envs... : False
2025-06-20 13:36:27,374 - __main__ - INFO - Total: 1.0
2025-06-20 13:50:03,902 - __main__ - INFO - Loading envs... : False
2025-06-20 13:50:05,252 - __main__ - INFO - Total: 1.0
2025-06-20 13:57:24,945 - __main__ - INFO - Loading envs... : False
2025-06-20 13:57:27,017 - __main__ - INFO - Total: 1.0
2025-06-20 14:16:14,002 - __main__ - INFO - Loading envs... : False
2025-06-20 14:16:16,552 - __main__ - INFO - Total: 1.0
2025-06-20 14:36:58,811 - __main__ - INFO - Loading envs... : False
2025-06-20 14:37:00,503 - __main__ - INFO - Total: 1.0
2025-06-20 14:48:50,822 - __main__ - INFO - Loading envs... : False
2025-06-20 14:48:52,740 - __main__ - INFO - Total: 1.0
2025-06-20 14:56:02,262 - __main__ - INFO - Loading envs... : False
2025-06-20 14:56:06,902 - __main__ - INFO - Total: 1.0
2025-06-20 15:14:03,082 - __main__ - INFO - Loading envs... : False
2025-06-20 15:14:05,689 - __main__ - INFO - Total: 1.0
2025-06-20 15:33:04,834 - __main__ - INFO - Loading envs... : False
2025-06-20 15:33:08,000 - __main__ - INFO - Total: 1.0
2025-06-20 15:45:12,920 - __main__ - INFO - Loading envs... : False
2025-06-20 15:45:15,189 - __main__ - INFO - Total: 1.0
2025-06-20 15:52:43,213 - __main__ - INFO - Loading envs... : False
2025-06-20 15:52:45,407 - __main__ - INFO - Total: 1.0
2025-06-20 15:59:27,632 - __main__ - INFO - Loading envs... : False
2025-06-20 15:59:29,754 - __main__ - INFO - Total: 1.0
2025-06-20 16:27:08,037 - __main__ - INFO - Loading envs... : False
2025-06-20 16:27:10,378 - __main__ - INFO - Total: 1.0
2025-06-20 16:47:36,460 - __main__ - INFO - Loading envs... : False
2025-06-20 16:47:38,568 - __main__ - INFO - Total: 1.0
2025-06-20 16:58:03,302 - __main__ - INFO - Loading envs... : False
2025-06-20 16:58:04,694 - __main__ - INFO - Total: 1.0
2025-06-20 17:16:14,837 - __main__ - INFO - Loading envs... : False
2025-06-20 17:16:17,523 - __main__ - INFO - Total: 1.0
2025-06-20 17:33:13,265 - __main__ - INFO - Loading envs... : False
2025-06-20 17:33:15,718 - __main__ - INFO - Total: 1.0
2025-06-20 17:44:24,704 - __main__ - INFO - Loading envs... : False
2025-06-20 17:44:27,603 - __main__ - INFO - Total: 1.0
2025-06-20 17:51:40,154 - __main__ - INFO - Loading envs... : False
2025-06-20 17:51:42,085 - __main__ - INFO - Total: 1.0
2025-06-20 17:58:44,346 - __main__ - INFO - Loading envs... : False
2025-06-20 17:58:45,892 - __main__ - INFO - Total: 1.0
2025-06-20 18:28:04,879 - __main__ - INFO - Loading envs... : False
2025-06-20 18:28:08,005 - __main__ - INFO - Total: 1.0
2025-06-20 18:48:58,007 - __main__ - INFO - Loading envs... : False
2025-06-20 18:49:01,103 - __main__ - INFO - Total: 1.0
2025-06-20 18:57:36,890 - __main__ - INFO - Loading envs... : False
2025-06-20 18:57:38,799 - __main__ - INFO - Total: 1.0
2025-06-20 19:13:22,849 - __main__ - INFO - Loading envs... : False
2025-06-20 19:13:25,227 - __main__ - INFO - Total: 1.0
2025-06-20 19:26:09,949 - __main__ - INFO - Loading envs... : False
2025-06-20 19:26:11,933 - __main__ - INFO - Total: 1.0
2025-06-20 19:35:06,425 - __main__ - INFO - Loading envs... : False
2025-06-20 19:35:07,777 - __main__ - INFO - Total: 1.0
2025-06-20 19:42:46,427 - __main__ - INFO - Loading envs... : False
2025-06-20 19:42:47,809 - __main__ - INFO - Total: 1.0
2025-06-20 19:50:05,495 - __main__ - INFO - Loading envs... : False
2025-06-20 19:50:07,523 - __main__ - INFO - Total: 1.0
2025-06-20 19:56:58,514 - __main__ - INFO - Loading envs... : False
2025-06-20 19:57:00,710 - __main__ - INFO - Total: 1.0
2025-06-20 20:17:37,845 - __main__ - INFO - Loading envs... : False
2025-06-20 20:17:39,553 - __main__ - INFO - Total: 1.0
2025-06-20 20:35:17,598 - __main__ - INFO - Loading envs... : False
2025-06-20 20:35:19,658 - __main__ - INFO - Total: 1.0
2025-06-20 20:46:23,277 - __main__ - INFO - Loading envs... : False
2025-06-20 20:46:25,373 - __main__ - INFO - Total: 1.0
2025-06-20 20:53:58,144 - __main__ - INFO - Loading envs... : False
2025-06-20 20:53:59,566 - __main__ - INFO - Total: 1.0
2025-06-20 21:08:11,214 - __main__ - INFO - Loading envs... : False
2025-06-20 21:08:13,214 - __main__ - INFO - Total: 1.0
2025-06-20 21:26:41,573 - __main__ - INFO - Loading envs... : False
2025-06-20 21:26:43,437 - __main__ - INFO - Total: 1.0
2025-06-20 21:37:14,833 - __main__ - INFO - Loading envs... : False
2025-06-20 21:37:16,846 - __main__ - INFO - Total: 1.0
2025-06-20 21:45:06,158 - __main__ - INFO - Loading envs... : False
2025-06-20 21:45:07,946 - __main__ - INFO - Total: 1.0
2025-06-20 21:52:11,006 - __main__ - INFO - Loading envs... : False
2025-06-20 21:52:12,761 - __main__ - INFO - Total: 1.0
2025-06-20 21:59:26,875 - __main__ - INFO - Loading envs... : False
2025-06-20 21:59:29,213 - __main__ - INFO - Total: 1.0
2025-06-20 22:20:12,416 - __main__ - INFO - Loading envs... : False
2025-06-20 22:20:14,528 - __main__ - INFO - Total: 1.0
2025-06-20 22:38:26,024 - __main__ - INFO - Loading envs... : False
2025-06-20 22:38:27,457 - __main__ - INFO - Total: 1.0
2025-06-20 22:48:35,494 - __main__ - INFO - Loading envs... : False
2025-06-20 22:48:37,664 - __main__ - INFO - Total: 1.0
2025-06-20 22:55:44,100 - __main__ - INFO - Loading envs... : False
2025-06-20 22:55:45,585 - __main__ - INFO - Total: 1.0
2025-06-20 23:13:00,791 - __main__ - INFO - Loading envs... : False
2025-06-20 23:13:02,622 - __main__ - INFO - Total: 1.0
2025-06-20 23:30:17,031 - __main__ - INFO - Loading envs... : False
2025-06-20 23:30:19,441 - __main__ - INFO - Total: 1.0
2025-06-20 23:43:03,127 - __main__ - INFO - Loading envs... : False
2025-06-20 23:43:05,276 - __main__ - INFO - Total: 1.0
2025-06-20 23:50:23,436 - __main__ - INFO - Loading envs... : False
2025-06-20 23:50:25,525 - __main__ - INFO - Total: 1.0
2025-06-20 23:57:34,672 - __main__ - INFO - Loading envs... : False
2025-06-20 23:57:37,457 - __main__ - INFO - Total: 1.0
2025-06-21 01:21:20,489 - __main__ - INFO - Loading envs... : False
2025-06-21 01:21:22,768 - __main__ - INFO - Total: 1.0
2025-06-21 02:51:25,739 - __main__ - INFO - Loading envs... : False
2025-06-21 02:51:28,321 - __main__ - INFO - Total: 1.0
2025-06-21 03:36:57,561 - __main__ - INFO - Loading envs... : False
2025-06-21 03:36:59,328 - __main__ - INFO - Total: 1.0
2025-06-21 03:59:09,057 - __main__ - INFO - Loading envs... : False
2025-06-21 03:59:10,698 - __main__ - INFO - Total: 1.0
2025-06-21 04:25:51,163 - __main__ - INFO - Loading envs... : False
2025-06-21 04:25:53,706 - __main__ - INFO - Total: 1.0
2025-06-21 04:45:26,400 - __main__ - INFO - Loading envs... : False
2025-06-21 04:45:29,736 - __main__ - INFO - Total: 1.0
2025-06-21 04:55:32,039 - __main__ - INFO - Loading envs... : False
2025-06-21 04:55:33,989 - __main__ - INFO - Total: 1.0
2025-06-21 05:11:56,209 - __main__ - INFO - Loading envs... : False
2025-06-21 05:11:58,241 - __main__ - INFO - Total: 1.0
2025-06-21 05:32:16,525 - __main__ - INFO - Loading envs... : False
2025-06-21 05:32:18,612 - __main__ - INFO - Total: 1.0
2025-06-21 05:44:58,290 - __main__ - INFO - Loading envs... : False
2025-06-21 05:44:59,672 - __main__ - INFO - Total: 1.0
2025-06-21 05:53:21,622 - __main__ - INFO - Loading envs... : False
2025-06-21 05:53:23,410 - __main__ - INFO - Total: 1.0
2025-06-21 06:00:25,028 - __main__ - INFO - Loading envs... : False
2025-06-21 06:00:27,359 - __main__ - INFO - Total: 1.0
2025-06-21 06:32:21,620 - __main__ - INFO - Loading envs... : False
2025-06-21 06:32:23,996 - __main__ - INFO - Total: 1.0
2025-06-21 06:50:40,607 - __main__ - INFO - Loading envs... : False
2025-06-21 06:50:42,363 - __main__ - INFO - Total: 1.0
2025-06-21 06:57:38,522 - __main__ - INFO - Loading envs... : False
2025-06-21 06:57:40,712 - __main__ - INFO - Total: 1.0
2025-06-21 07:15:44,033 - __main__ - INFO - Loading envs... : False
2025-06-21 07:15:46,819 - __main__ - INFO - Total: 1.0
2025-06-21 07:30:05,365 - __main__ - INFO - Loading envs... : False
2025-06-21 07:30:07,189 - __main__ - INFO - Total: 1.0
2025-06-21 07:39:53,265 - __main__ - INFO - Loading envs... : False
2025-06-21 07:39:55,251 - __main__ - INFO - Total: 1.0
2025-06-21 07:46:53,686 - __main__ - INFO - Loading envs... : False
2025-06-21 07:46:55,025 - __main__ - INFO - Total: 1.0
2025-06-21 07:53:59,693 - __main__ - INFO - Loading envs... : False
2025-06-21 07:54:02,187 - __main__ - INFO - Total: 1.0
2025-06-21 08:11:21,136 - __main__ - INFO - Loading envs... : False
2025-06-21 08:11:22,766 - __main__ - INFO - Total: 1.0
2025-06-21 08:35:23,508 - __main__ - INFO - Loading envs... : False
2025-06-21 08:35:25,263 - __main__ - INFO - Total: 1.0
2025-06-21 08:49:56,296 - __main__ - INFO - Loading envs... : False
2025-06-21 08:49:57,942 - __main__ - INFO - Total: 1.0
2025-06-21 08:57:54,435 - __main__ - INFO - Loading envs... : False
2025-06-21 08:57:56,479 - __main__ - INFO - Total: 1.0
2025-06-21 09:17:15,180 - __main__ - INFO - Loading envs... : False
2025-06-21 09:17:17,153 - __main__ - INFO - Total: 1.0
2025-06-21 09:33:13,361 - __main__ - INFO - Loading envs... : False
2025-06-21 09:33:16,230 - __main__ - INFO - Total: 1.0
2025-06-21 09:43:26,579 - __main__ - INFO - Loading envs... : False
2025-06-21 09:43:28,174 - __main__ - INFO - Total: 1.0
2025-06-21 09:50:37,450 - __main__ - INFO - Loading envs... : False
2025-06-21 09:50:38,760 - __main__ - INFO - Total: 1.0
2025-06-21 09:57:56,849 - __main__ - INFO - Loading envs... : False
2025-06-21 09:57:59,439 - __main__ - INFO - Total: 1.0
2025-06-21 10:17:30,942 - __main__ - INFO - Loading envs... : False
2025-06-21 10:17:33,387 - __main__ - INFO - Total: 1.0
2025-06-21 10:38:32,216 - __main__ - INFO - Loading envs... : False
2025-06-21 10:38:34,497 - __main__ - INFO - Total: 1.0
2025-06-21 10:48:36,910 - __main__ - INFO - Loading envs... : False
2025-06-21 10:48:38,354 - __main__ - INFO - Total: 1.0
2025-06-21 10:55:20,860 - __main__ - INFO - Loading envs... : False
2025-06-21 10:55:23,471 - __main__ - INFO - Total: 1.0
2025-06-21 11:09:58,457 - __main__ - INFO - Loading envs... : False
2025-06-21 11:10:00,740 - __main__ - INFO - Total: 1.0
2025-06-21 11:26:56,515 - __main__ - INFO - Loading envs... : False
2025-06-21 11:26:58,119 - __main__ - INFO - Total: 1.0
2025-06-21 11:37:14,715 - __main__ - INFO - Loading envs... : False
2025-06-21 11:37:16,808 - __main__ - INFO - Total: 1.0
2025-06-21 11:44:19,396 - __main__ - INFO - Loading envs... : False
2025-06-21 11:44:21,459 - __main__ - INFO - Total: 1.0
2025-06-21 11:51:33,280 - __main__ - INFO - Loading envs... : False
2025-06-21 11:51:35,591 - __main__ - INFO - Total: 1.0
2025-06-21 11:58:31,334 - __main__ - INFO - Loading envs... : False
2025-06-21 11:58:33,822 - __main__ - INFO - Total: 1.0
2025-06-21 12:36:20,586 - __main__ - INFO - Loading envs... : False
2025-06-21 12:36:22,585 - __main__ - INFO - Total: 1.0
2025-06-21 13:05:44,540 - __main__ - INFO - Loading envs... : False
2025-06-21 13:05:46,307 - __main__ - INFO - Total: 1.0
2025-06-21 13:33:45,501 - __main__ - INFO - Loading envs... : False
2025-06-21 13:33:47,483 - __main__ - INFO - Total: 1.0
2025-06-21 13:44:56,954 - __main__ - INFO - Loading envs... : False
2025-06-21 13:44:58,979 - __main__ - INFO - Total: 1.0
2025-06-21 13:51:51,356 - __main__ - INFO - Loading envs... : False
2025-06-21 13:51:53,222 - __main__ - INFO - Total: 1.0
2025-06-21 13:59:02,707 - __main__ - INFO - Loading envs... : False
2025-06-21 13:59:04,559 - __main__ - INFO - Total: 1.0
2025-06-21 14:19:05,371 - __main__ - INFO - Loading envs... : False
2025-06-21 14:19:07,752 - __main__ - INFO - Total: 1.0
2025-06-21 14:35:57,494 - __main__ - INFO - Loading envs... : False
2025-06-21 14:35:59,544 - __main__ - INFO - Total: 1.0
2025-06-21 14:45:42,210 - __main__ - INFO - Loading envs... : False
2025-06-21 14:45:44,460 - __main__ - INFO - Total: 1.0
2025-06-21 14:52:25,805 - __main__ - INFO - Loading envs... : False
2025-06-21 14:52:27,814 - __main__ - INFO - Total: 1.0
2025-06-21 14:59:38,525 - __main__ - INFO - Loading envs... : False
2025-06-21 14:59:40,492 - __main__ - INFO - Total: 1.0
2025-06-21 15:20:48,118 - __main__ - INFO - Loading envs... : False
2025-06-21 15:20:50,090 - __main__ - INFO - Total: 1.0
2025-06-21 15:34:25,420 - __main__ - INFO - Loading envs... : False
2025-06-21 15:34:27,438 - __main__ - INFO - Total: 1.0
2025-06-21 15:43:49,200 - __main__ - INFO - Loading envs... : False
2025-06-21 15:43:51,232 - __main__ - INFO - Total: 1.0
2025-06-21 15:51:01,749 - __main__ - INFO - Loading envs... : False
2025-06-21 15:51:03,749 - __main__ - INFO - Total: 1.0
2025-06-21 15:58:12,728 - __main__ - INFO - Loading envs... : False
2025-06-21 15:58:14,886 - __main__ - INFO - Total: 1.0
2025-06-21 16:20:51,887 - __main__ - INFO - Loading envs... : False
2025-06-21 16:20:54,189 - __main__ - INFO - Total: 1.0
2025-06-21 16:43:21,461 - __main__ - INFO - Loading envs... : False
2025-06-21 16:43:23,075 - __main__ - INFO - Total: 1.0
2025-06-21 16:55:48,016 - __main__ - INFO - Loading envs... : False
2025-06-21 16:55:51,456 - __main__ - INFO - Total: 1.0
2025-06-21 17:10:13,116 - __main__ - INFO - Loading envs... : False
2025-06-21 17:10:14,799 - __main__ - INFO - Total: 1.0
2025-06-21 17:28:50,916 - __main__ - INFO - Loading envs... : False
2025-06-21 17:28:53,385 - __main__ - INFO - Total: 1.0
2025-06-21 17:40:27,896 - __main__ - INFO - Loading envs... : False
2025-06-21 17:40:30,530 - __main__ - INFO - Total: 1.0
2025-06-21 17:47:32,404 - __main__ - INFO - Loading envs... : False
2025-06-21 17:47:34,081 - __main__ - INFO - Total: 1.0
2025-06-21 17:54:51,263 - __main__ - INFO - Loading envs... : False
2025-06-21 17:54:53,427 - __main__ - INFO - Total: 1.0
2025-06-21 18:13:32,513 - __main__ - INFO - Loading envs... : False
2025-06-21 18:13:34,270 - __main__ - INFO - Total: 1.0
2025-06-21 18:38:34,661 - __main__ - INFO - Loading envs... : False
2025-06-21 18:38:36,733 - __main__ - INFO - Total: 1.0
2025-06-21 18:50:16,731 - __main__ - INFO - Loading envs... : False
2025-06-21 18:50:19,537 - __main__ - INFO - Total: 1.0
2025-06-21 18:57:07,732 - __main__ - INFO - Loading envs... : False
2025-06-21 18:57:09,636 - __main__ - INFO - Total: 1.0
2025-06-21 19:11:47,900 - __main__ - INFO - Loading envs... : False
2025-06-21 19:11:50,733 - __main__ - INFO - Total: 1.0
2025-06-21 19:25:16,021 - __main__ - INFO - Loading envs... : False
2025-06-21 19:25:18,515 - __main__ - INFO - Total: 1.0
2025-06-21 19:33:19,252 - __main__ - INFO - Loading envs... : False
2025-06-21 19:33:22,121 - __main__ - INFO - Total: 1.0
2025-06-21 19:41:20,688 - __main__ - INFO - Loading envs... : False
2025-06-21 19:41:22,723 - __main__ - INFO - Total: 1.0
2025-06-21 19:48:20,583 - __main__ - INFO - Loading envs... : False
2025-06-21 19:48:22,918 - __main__ - INFO - Total: 1.0
2025-06-21 19:55:26,465 - __main__ - INFO - Loading envs... : False
2025-06-21 19:55:27,929 - __main__ - INFO - Total: 1.0
2025-06-21 20:12:26,988 - __main__ - INFO - Loading envs... : False
2025-06-21 20:12:29,825 - __main__ - INFO - Total: 1.0
2025-06-21 20:30:41,828 - __main__ - INFO - Loading envs... : False
2025-06-21 20:30:44,647 - __main__ - INFO - Total: 1.0
2025-06-21 20:42:29,213 - __main__ - INFO - Loading envs... : False
2025-06-21 20:42:31,323 - __main__ - INFO - Total: 1.0
2025-06-21 20:50:27,739 - __main__ - INFO - Loading envs... : False
2025-06-21 20:50:30,023 - __main__ - INFO - Total: 1.0
2025-06-21 20:57:29,136 - __main__ - INFO - Loading envs... : False
2025-06-21 20:57:31,629 - __main__ - INFO - Total: 1.0
2025-06-21 21:14:32,376 - __main__ - INFO - Loading envs... : False
2025-06-21 21:14:34,352 - __main__ - INFO - Total: 1.0
2025-06-21 21:28:33,536 - __main__ - INFO - Loading envs... : False
2025-06-21 21:28:35,887 - __main__ - INFO - Total: 1.0
2025-06-21 21:38:50,177 - __main__ - INFO - Loading envs... : False
2025-06-21 21:38:51,523 - __main__ - INFO - Total: 1.0
2025-06-21 21:45:47,333 - __main__ - INFO - Loading envs... : False
2025-06-21 21:45:49,442 - __main__ - INFO - Total: 1.0
2025-06-21 21:53:54,216 - __main__ - INFO - Loading envs... : False
2025-06-21 21:53:56,248 - __main__ - INFO - Total: 1.0
2025-06-21 22:07:32,735 - __main__ - INFO - Loading envs... : False
2025-06-21 22:07:34,380 - __main__ - INFO - Total: 1.0
2025-06-21 22:29:46,486 - __main__ - INFO - Loading envs... : False
2025-06-21 22:29:49,309 - __main__ - INFO - Total: 1.0
2025-06-21 22:42:53,189 - __main__ - INFO - Loading envs... : False
2025-06-21 22:42:54,554 - __main__ - INFO - Total: 1.0
2025-06-21 22:50:08,254 - __main__ - INFO - Loading envs... : False
2025-06-21 22:50:10,334 - __main__ - INFO - Total: 1.0
2025-06-21 22:56:53,056 - __main__ - INFO - Loading envs... : False
2025-06-21 22:56:54,648 - __main__ - INFO - Total: 1.0
2025-06-21 23:14:32,897 - __main__ - INFO - Loading envs... : False
2025-06-21 23:14:34,528 - __main__ - INFO - Total: 1.0
2025-06-21 23:29:31,248 - __main__ - INFO - Loading envs... : False
2025-06-21 23:29:34,003 - __main__ - INFO - Total: 1.0
2025-06-21 23:40:22,675 - __main__ - INFO - Loading envs... : False
2025-06-21 23:40:24,602 - __main__ - INFO - Total: 1.0
2025-06-21 23:47:12,971 - __main__ - INFO - Loading envs... : False
2025-06-21 23:47:14,649 - __main__ - INFO - Total: 1.0
2025-06-21 23:54:13,523 - __main__ - INFO - Loading envs... : False
2025-06-21 23:54:14,849 - __main__ - INFO - Total: 1.0
2025-06-22 00:54:49,596 - __main__ - INFO - Loading envs... : False
2025-06-22 00:54:51,534 - __main__ - INFO - Total: 1.0
2025-06-22 02:50:16,267 - __main__ - INFO - Loading envs... : False
2025-06-22 02:50:18,940 - __main__ - INFO - Total: 1.0
2025-06-22 03:45:19,144 - __main__ - INFO - Loading envs... : False
2025-06-22 03:45:21,444 - __main__ - INFO - Total: 1.0
2025-06-22 04:18:08,621 - __main__ - INFO - Loading envs... : False
2025-06-22 04:18:10,901 - __main__ - INFO - Total: 1.0
2025-06-22 04:45:19,029 - __main__ - INFO - Loading envs... : False
2025-06-22 04:45:21,303 - __main__ - INFO - Total: 1.0
2025-06-22 04:58:25,285 - __main__ - INFO - Loading envs... : False
2025-06-22 04:58:27,645 - __main__ - INFO - Total: 1.0
2025-06-22 05:18:24,789 - __main__ - INFO - Loading envs... : False
2025-06-22 05:18:27,108 - __main__ - INFO - Total: 1.0
2025-06-22 05:37:11,687 - __main__ - INFO - Loading envs... : False
2025-06-22 05:37:14,342 - __main__ - INFO - Total: 1.0
2025-06-22 05:47:31,676 - __main__ - INFO - Loading envs... : False
2025-06-22 05:47:33,750 - __main__ - INFO - Total: 1.0
2025-06-22 05:54:26,890 - __main__ - INFO - Loading envs... : False
2025-06-22 05:54:28,560 - __main__ - INFO - Total: 1.0
2025-06-22 06:14:14,234 - __main__ - INFO - Loading envs... : False
2025-06-22 06:14:16,607 - __main__ - INFO - Total: 1.0
2025-06-22 06:42:33,390 - __main__ - INFO - Loading envs... : False
2025-06-22 06:42:35,220 - __main__ - INFO - Total: 1.0
2025-06-22 06:54:44,759 - __main__ - INFO - Loading envs... : False
2025-06-22 06:54:46,662 - __main__ - INFO - Total: 1.0
2025-06-22 07:10:35,915 - __main__ - INFO - Loading envs... : False
2025-06-22 07:10:37,842 - __main__ - INFO - Total: 1.0
2025-06-22 07:28:48,222 - __main__ - INFO - Loading envs... : False
2025-06-22 07:28:49,769 - __main__ - INFO - Total: 1.0
2025-06-22 07:39:19,468 - __main__ - INFO - Loading envs... : False
2025-06-22 07:39:20,956 - __main__ - INFO - Total: 1.0
2025-06-22 07:46:24,841 - __main__ - INFO - Loading envs... : False
2025-06-22 07:46:26,701 - __main__ - INFO - Total: 1.0
2025-06-22 07:53:21,278 - __main__ - INFO - Loading envs... : False
2025-06-22 07:53:22,900 - __main__ - INFO - Total: 1.0
2025-06-22 08:00:27,070 - __main__ - INFO - Loading envs... : False
2025-06-22 08:00:28,731 - __main__ - INFO - Total: 1.0
2025-06-22 08:29:24,383 - __main__ - INFO - Loading envs... : False
2025-06-22 08:29:26,953 - __main__ - INFO - Total: 1.0
2025-06-22 08:46:17,238 - __main__ - INFO - Loading envs... : False
2025-06-22 08:46:19,404 - __main__ - INFO - Total: 1.0
2025-06-22 08:55:05,261 - __main__ - INFO - Loading envs... : False
2025-06-22 08:55:07,139 - __main__ - INFO - Total: 1.0
2025-06-22 09:11:34,083 - __main__ - INFO - Loading envs... : False
2025-06-22 09:11:36,800 - __main__ - INFO - Total: 1.0
2025-06-22 09:29:53,270 - __main__ - INFO - Loading envs... : False
2025-06-22 09:29:55,812 - __main__ - INFO - Total: 1.0
2025-06-22 09:41:28,935 - __main__ - INFO - Loading envs... : False
2025-06-22 09:41:30,967 - __main__ - INFO - Total: 1.0
2025-06-22 09:48:41,482 - __main__ - INFO - Loading envs... : False
2025-06-22 09:48:43,505 - __main__ - INFO - Total: 1.0
2025-06-22 09:55:44,491 - __main__ - INFO - Loading envs... : False
2025-06-22 09:55:46,648 - __main__ - INFO - Total: 1.0
2025-06-22 10:13:04,657 - __main__ - INFO - Loading envs... : False
2025-06-22 10:13:06,571 - __main__ - INFO - Total: 1.0
2025-06-22 10:34:44,512 - __main__ - INFO - Loading envs... : False
2025-06-22 10:34:46,869 - __main__ - INFO - Total: 1.0
2025-06-22 10:46:38,919 - __main__ - INFO - Loading envs... : False
2025-06-22 10:46:40,962 - __main__ - INFO - Total: 1.0
2025-06-22 10:53:42,330 - __main__ - INFO - Loading envs... : False
2025-06-22 10:53:44,491 - __main__ - INFO - Total: 1.0
2025-06-22 11:06:54,458 - __main__ - INFO - Loading envs... : False
2025-06-22 11:06:56,799 - __main__ - INFO - Total: 1.0
2025-06-22 11:23:29,987 - __main__ - INFO - Loading envs... : False
2025-06-22 11:23:31,789 - __main__ - INFO - Total: 1.0
2025-06-22 11:31:35,237 - __main__ - INFO - Loading envs... : False
2025-06-22 11:31:37,389 - __main__ - INFO - Total: 1.0
2025-06-22 11:41:29,186 - __main__ - INFO - Loading envs... : False
2025-06-22 11:41:31,246 - __main__ - INFO - Total: 1.0
2025-06-22 11:48:34,488 - __main__ - INFO - Loading envs... : False
2025-06-22 11:48:37,194 - __main__ - INFO - Total: 1.0
2025-06-22 11:55:39,534 - __main__ - INFO - Loading envs... : False
2025-06-22 11:55:41,431 - __main__ - INFO - Total: 1.0
2025-06-22 12:22:43,533 - __main__ - INFO - Loading envs... : False
2025-06-22 12:22:46,018 - __main__ - INFO - Total: 1.0
2025-06-22 12:58:33,273 - __main__ - INFO - Loading envs... : False
2025-06-22 12:58:35,863 - __main__ - INFO - Total: 1.0
2025-06-22 13:26:43,093 - __main__ - INFO - Loading envs... : False
2025-06-22 13:26:45,567 - __main__ - INFO - Total: 1.0
2025-06-22 13:42:03,256 - __main__ - INFO - Loading envs... : False
2025-06-22 13:42:05,823 - __main__ - INFO - Total: 1.0
2025-06-22 13:49:35,397 - __main__ - INFO - Loading envs... : False
2025-06-22 13:49:38,016 - __main__ - INFO - Total: 1.0
2025-06-22 13:56:38,130 - __main__ - INFO - Loading envs... : False
2025-06-22 13:56:39,430 - __main__ - INFO - Total: 1.0
2025-06-22 14:13:16,189 - __main__ - INFO - Loading envs... : False
2025-06-22 14:13:18,766 - __main__ - INFO - Total: 1.0
2025-06-22 14:31:36,516 - __main__ - INFO - Loading envs... : False
2025-06-22 14:31:37,903 - __main__ - INFO - Total: 1.0
2025-06-22 14:44:52,352 - __main__ - INFO - Loading envs... : False
2025-06-22 14:44:54,784 - __main__ - INFO - Total: 1.0
2025-06-22 14:52:02,639 - __main__ - INFO - Loading envs... : False
2025-06-22 14:52:04,291 - __main__ - INFO - Total: 1.0
2025-06-22 14:58:49,625 - __main__ - INFO - Loading envs... : False
2025-06-22 14:58:51,995 - __main__ - INFO - Total: 1.0
2025-06-22 15:18:57,265 - __main__ - INFO - Loading envs... : False
2025-06-22 15:18:59,279 - __main__ - INFO - Total: 1.0
2025-06-22 15:33:07,947 - __main__ - INFO - Loading envs... : False
2025-06-22 15:33:09,949 - __main__ - INFO - Total: 1.0
2025-06-22 15:43:10,674 - __main__ - INFO - Loading envs... : False
2025-06-22 15:43:13,536 - __main__ - INFO - Total: 1.0
2025-06-22 15:50:07,695 - __main__ - INFO - Loading envs... : False
2025-06-22 15:50:10,386 - __main__ - INFO - Total: 1.0
2025-06-22 15:57:19,822 - __main__ - INFO - Loading envs... : False
2025-06-22 15:57:21,991 - __main__ - INFO - Total: 1.0
2025-06-22 16:19:09,597 - __main__ - INFO - Loading envs... : False
2025-06-22 16:19:11,777 - __main__ - INFO - Total: 1.0
2025-06-22 16:42:15,772 - __main__ - INFO - Loading envs... : False
2025-06-22 16:42:18,039 - __main__ - INFO - Total: 1.0
2025-06-22 16:54:39,966 - __main__ - INFO - Loading envs... : False
2025-06-22 16:54:42,825 - __main__ - INFO - Total: 1.0
2025-06-22 17:08:35,567 - __main__ - INFO - Loading envs... : False
2025-06-22 17:08:37,726 - __main__ - INFO - Total: 1.0
2025-06-22 17:30:47,614 - __main__ - INFO - Loading envs... : False
2025-06-22 17:30:49,428 - __main__ - INFO - Total: 1.0
2025-06-22 17:43:30,239 - __main__ - INFO - Loading envs... : False
2025-06-22 17:43:32,349 - __main__ - INFO - Total: 1.0
2025-06-22 17:50:36,255 - __main__ - INFO - Loading envs... : False
2025-06-22 17:50:39,238 - __main__ - INFO - Total: 1.0
2025-06-22 17:57:20,079 - __main__ - INFO - Loading envs... : False
2025-06-22 17:57:22,495 - __main__ - INFO - Total: 1.0
2025-06-22 18:21:33,010 - __main__ - INFO - Loading envs... : False
2025-06-22 18:21:34,902 - __main__ - INFO - Total: 1.0
2025-06-22 18:43:08,369 - __main__ - INFO - Loading envs... : False
2025-06-22 18:43:10,646 - __main__ - INFO - Total: 1.0
2025-06-22 18:53:28,728 - __main__ - INFO - Loading envs... : False
2025-06-22 18:53:31,154 - __main__ - INFO - Total: 1.0
2025-06-22 19:00:56,189 - __main__ - INFO - Loading envs... : False
2025-06-22 19:00:58,610 - __main__ - INFO - Total: 1.0
2025-06-22 19:19:07,750 - __main__ - INFO - Loading envs... : False
2025-06-22 19:19:09,142 - __main__ - INFO - Total: 1.0
2025-06-22 19:29:11,154 - __main__ - INFO - Loading envs... : False
2025-06-22 19:29:12,819 - __main__ - INFO - Total: 1.0
2025-06-22 19:37:59,355 - __main__ - INFO - Loading envs... : False
2025-06-22 19:38:01,474 - __main__ - INFO - Total: 1.0
2025-06-22 19:44:57,911 - __main__ - INFO - Loading envs... : False
2025-06-22 19:44:59,282 - __main__ - INFO - Total: 1.0
2025-06-22 19:52:13,328 - __main__ - INFO - Loading envs... : False
2025-06-22 19:52:14,572 - __main__ - INFO - Total: 1.0
2025-06-22 19:59:23,447 - __main__ - INFO - Loading envs... : False
2025-06-22 19:59:24,820 - __main__ - INFO - Total: 1.0
2025-06-22 20:22:08,221 - __main__ - INFO - Loading envs... : False
2025-06-22 20:22:10,573 - __main__ - INFO - Total: 1.0
2025-06-22 20:37:11,926 - __main__ - INFO - Loading envs... : False
2025-06-22 20:37:13,533 - __main__ - INFO - Total: 1.0
2025-06-22 20:46:15,093 - __main__ - INFO - Loading envs... : False
2025-06-22 20:46:17,459 - __main__ - INFO - Total: 1.0
2025-06-22 20:53:21,792 - __main__ - INFO - Loading envs... : False
2025-06-22 20:53:23,383 - __main__ - INFO - Total: 1.0
2025-06-22 21:00:12,983 - __main__ - INFO - Loading envs... : False
2025-06-22 21:00:14,401 - __main__ - INFO - Total: 1.0
2025-06-22 21:20:35,524 - __main__ - INFO - Loading envs... : False
2025-06-22 21:20:37,255 - __main__ - INFO - Total: 1.0
2025-06-22 21:33:08,954 - __main__ - INFO - Loading envs... : False
2025-06-22 21:33:11,243 - __main__ - INFO - Total: 1.0
2025-06-22 21:42:38,052 - __main__ - INFO - Loading envs... : False
2025-06-22 21:42:39,702 - __main__ - INFO - Total: 1.0
2025-06-22 21:49:52,093 - __main__ - INFO - Loading envs... : False
2025-06-22 21:49:54,397 - __main__ - INFO - Total: 1.0
2025-06-22 21:56:56,443 - __main__ - INFO - Loading envs... : False
2025-06-22 21:56:58,056 - __main__ - INFO - Total: 1.0
2025-06-22 22:14:10,294 - __main__ - INFO - Loading envs... : False
2025-06-22 22:14:12,308 - __main__ - INFO - Total: 1.0
2025-06-22 22:33:30,444 - __main__ - INFO - Loading envs... : False
2025-06-22 22:33:32,628 - __main__ - INFO - Total: 1.0
2025-06-22 22:45:54,523 - __main__ - INFO - Loading envs... : False
2025-06-22 22:45:56,230 - __main__ - INFO - Total: 1.0
2025-06-22 22:52:57,945 - __main__ - INFO - Loading envs... : False
2025-06-22 22:53:00,235 - __main__ - INFO - Total: 1.0
2025-06-22 22:59:49,846 - __main__ - INFO - Loading envs... : False
2025-06-22 22:59:51,970 - __main__ - INFO - Total: 1.0
2025-06-22 23:20:46,573 - __main__ - INFO - Loading envs... : False
2025-06-22 23:20:47,863 - __main__ - INFO - Total: 1.0
2025-06-22 23:33:26,653 - __main__ - INFO - Loading envs... : False
2025-06-22 23:33:27,966 - __main__ - INFO - Total: 1.0
2025-06-22 23:44:36,446 - __main__ - INFO - Loading envs... : False
2025-06-22 23:44:38,222 - __main__ - INFO - Total: 1.0
2025-06-22 23:51:20,140 - __main__ - INFO - Loading envs... : False
2025-06-22 23:51:22,546 - __main__ - INFO - Total: 1.0
2025-06-22 23:58:32,797 - __main__ - INFO - Loading envs... : False
2025-06-22 23:58:35,369 - __main__ - INFO - Total: 1.0
2025-06-23 01:46:56,158 - __main__ - INFO - Loading envs... : False
2025-06-23 01:46:57,989 - __main__ - INFO - Total: 1.0
2025-06-23 03:18:43,455 - __main__ - INFO - Loading envs... : False
2025-06-23 03:18:46,082 - __main__ - INFO - Total: 1.0
2025-06-23 04:04:33,385 - __main__ - INFO - Loading envs... : False
2025-06-23 04:04:35,752 - __main__ - INFO - Total: 1.0
2025-06-23 04:42:28,922 - __main__ - INFO - Loading envs... : False
2025-06-23 04:42:30,648 - __main__ - INFO - Total: 1.0
2025-06-23 04:59:23,113 - __main__ - INFO - Loading envs... : False
2025-06-23 04:59:25,498 - __main__ - INFO - Total: 1.0
2025-06-23 05:23:37,366 - __main__ - INFO - Loading envs... : False
2025-06-23 05:23:39,463 - __main__ - INFO - Total: 1.0
2025-06-23 05:41:37,863 - __main__ - INFO - Loading envs... : False
2025-06-23 05:41:39,739 - __main__ - INFO - Total: 1.0
2025-06-23 05:51:58,184 - __main__ - INFO - Loading envs... : False
2025-06-23 05:52:00,014 - __main__ - INFO - Total: 1.0
2025-06-23 05:58:59,559 - __main__ - INFO - Loading envs... : False
2025-06-23 05:59:01,095 - __main__ - INFO - Total: 1.0
2025-06-23 06:32:27,869 - __main__ - INFO - Loading envs... : False
2025-06-23 06:32:30,613 - __main__ - INFO - Total: 1.0
2025-06-23 06:55:06,137 - __main__ - INFO - Loading envs... : False
2025-06-23 06:55:09,166 - __main__ - INFO - Total: 1.0
2025-06-23 07:14:05,961 - __main__ - INFO - Loading envs... : False
2025-06-23 07:14:08,905 - __main__ - INFO - Total: 1.0
2025-06-23 07:33:34,286 - __main__ - INFO - Loading envs... : False
2025-06-23 07:33:38,067 - __main__ - INFO - Total: 1.0
2025-06-23 07:45:56,241 - __main__ - INFO - Loading envs... : False
2025-06-23 07:45:57,994 - __main__ - INFO - Total: 1.0
2025-06-23 07:53:08,361 - __main__ - INFO - Loading envs... : False
2025-06-23 07:53:10,998 - __main__ - INFO - Total: 1.0
2025-06-23 08:00:04,364 - __main__ - INFO - Loading envs... : False
2025-06-23 08:00:06,722 - __main__ - INFO - Total: 1.0
2025-06-23 08:32:34,874 - __main__ - INFO - Loading envs... : False
2025-06-23 08:32:38,587 - __main__ - INFO - Total: 1.0
2025-06-23 08:52:58,267 - __main__ - INFO - Loading envs... : False
2025-06-23 08:53:00,088 - __main__ - INFO - Total: 1.0
2025-06-23 09:11:40,017 - __main__ - INFO - Loading envs... : False
2025-06-23 09:11:42,776 - __main__ - INFO - Total: 1.0
2025-06-23 09:35:17,143 - __main__ - INFO - Loading envs... : False
2025-06-23 09:35:19,134 - __main__ - INFO - Total: 1.0
2025-06-23 09:48:11,718 - __main__ - INFO - Loading envs... : False
2025-06-23 09:48:13,879 - __main__ - INFO - Total: 1.0
2025-06-23 09:55:36,431 - __main__ - INFO - Loading envs... : False
2025-06-23 09:55:38,158 - __main__ - INFO - Total: 1.0
2025-06-23 10:15:08,879 - __main__ - INFO - Loading envs... : False
2025-06-23 10:15:11,144 - __main__ - INFO - Total: 1.0
2025-06-23 10:41:38,791 - __main__ - INFO - Loading envs... : False
2025-06-23 10:41:41,216 - __main__ - INFO - Total: 1.0
2025-06-23 10:53:38,434 - __main__ - INFO - Loading envs... : False
2025-06-23 10:53:40,579 - __main__ - INFO - Total: 1.0
2025-06-23 11:08:19,200 - __main__ - INFO - Loading envs... : False
2025-06-23 11:08:21,707 - __main__ - INFO - Total: 1.0
2025-06-23 11:26:21,745 - __main__ - INFO - Loading envs... : False
2025-06-23 11:26:23,751 - __main__ - INFO - Total: 1.0
2025-06-23 11:37:38,185 - __main__ - INFO - Loading envs... : False
2025-06-23 11:37:40,280 - __main__ - INFO - Total: 1.0
2025-06-23 11:45:19,220 - __main__ - INFO - Loading envs... : False
2025-06-23 11:45:21,660 - __main__ - INFO - Total: 1.0
2025-06-23 11:52:38,921 - __main__ - INFO - Loading envs... : False
2025-06-23 11:52:41,425 - __main__ - INFO - Total: 1.0
2025-06-23 11:59:33,476 - __main__ - INFO - Loading envs... : False
2025-06-23 11:59:35,539 - __main__ - INFO - Total: 1.0
2025-06-23 13:24:41,467 - __main__ - INFO - Loading envs... : False
2025-06-23 13:24:43,672 - __main__ - INFO - Total: 1.0
2025-06-23 13:49:49,165 - __main__ - INFO - Loading envs... : False
2025-06-23 13:49:51,148 - __main__ - INFO - Total: 1.0
2025-06-23 13:58:28,670 - __main__ - INFO - Loading envs... : False
2025-06-23 13:58:30,592 - __main__ - INFO - Total: 1.0
2025-06-23 14:19:45,200 - __main__ - INFO - Loading envs... : False
2025-06-23 14:19:47,527 - __main__ - INFO - Total: 1.0
2025-06-23 14:42:32,045 - __main__ - INFO - Loading envs... : False
2025-06-23 14:42:33,747 - __main__ - INFO - Total: 1.0
2025-06-23 14:54:30,567 - __main__ - INFO - Loading envs... : False
2025-06-23 14:54:32,243 - __main__ - INFO - Total: 1.0
2025-06-23 15:11:13,806 - __main__ - INFO - Loading envs... : False
2025-06-23 15:11:15,791 - __main__ - INFO - Total: 1.0
2025-06-23 15:33:45,254 - __main__ - INFO - Loading envs... : False
2025-06-23 15:33:47,385 - __main__ - INFO - Total: 1.0
2025-06-23 15:47:07,227 - __main__ - INFO - Loading envs... : False
2025-06-23 15:47:10,435 - __main__ - INFO - Total: 1.0
2025-06-23 15:55:27,700 - __main__ - INFO - Loading envs... : False
2025-06-23 15:55:29,763 - __main__ - INFO - Total: 1.0
2025-06-23 16:16:04,023 - __main__ - INFO - Loading envs... : False
2025-06-23 16:16:06,019 - __main__ - INFO - Total: 1.0
2025-06-23 16:44:01,536 - __main__ - INFO - Loading envs... : False
2025-06-23 16:44:03,636 - __main__ - INFO - Total: 1.0
2025-06-23 16:57:43,516 - __main__ - INFO - Loading envs... : False
2025-06-23 16:57:45,565 - __main__ - INFO - Total: 1.0
2025-06-23 17:16:31,941 - __main__ - INFO - Loading envs... : False
2025-06-23 17:16:34,417 - __main__ - INFO - Total: 1.0
2025-06-23 17:35:35,074 - __main__ - INFO - Loading envs... : False
2025-06-23 17:35:37,384 - __main__ - INFO - Total: 1.0
2025-06-23 17:46:57,610 - __main__ - INFO - Loading envs... : False
2025-06-23 17:46:59,603 - __main__ - INFO - Total: 1.0
2025-06-23 17:54:13,026 - __main__ - INFO - Loading envs... : False
2025-06-23 17:54:15,230 - __main__ - INFO - Total: 1.0
2025-06-23 18:13:38,641 - __main__ - INFO - Loading envs... : False
2025-06-23 18:13:41,282 - __main__ - INFO - Total: 1.0
2025-06-23 18:44:10,961 - __main__ - INFO - Loading envs... : False
2025-06-23 18:44:13,634 - __main__ - INFO - Total: 1.0
2025-06-23 18:57:26,810 - __main__ - INFO - Loading envs... : False
2025-06-23 18:57:28,773 - __main__ - INFO - Total: 1.0
2025-06-23 19:13:31,606 - __main__ - INFO - Loading envs... : False
2025-06-23 19:13:34,435 - __main__ - INFO - Total: 1.0
2025-06-23 19:26:55,645 - __main__ - INFO - Loading envs... : False
2025-06-23 19:26:57,956 - __main__ - INFO - Total: 1.0
2025-06-23 19:36:37,340 - __main__ - INFO - Loading envs... : False
2025-06-23 19:36:39,602 - __main__ - INFO - Total: 1.0
2025-06-23 19:43:36,638 - __main__ - INFO - Loading envs... : False
2025-06-23 19:43:38,474 - __main__ - INFO - Total: 1.0
2025-06-23 19:50:56,414 - __main__ - INFO - Loading envs... : False
2025-06-23 19:50:58,955 - __main__ - INFO - Total: 1.0
2025-06-23 19:58:00,873 - __main__ - INFO - Loading envs... : False
2025-06-23 19:58:03,190 - __main__ - INFO - Total: 1.0
2025-06-23 20:20:48,530 - __main__ - INFO - Loading envs... : False
2025-06-23 20:20:51,909 - __main__ - INFO - Total: 1.0
2025-06-23 20:39:01,198 - __main__ - INFO - Loading envs... : False
2025-06-23 20:39:03,441 - __main__ - INFO - Total: 1.0
2025-06-23 20:50:14,893 - __main__ - INFO - Loading envs... : False
2025-06-23 20:50:17,082 - __main__ - INFO - Total: 1.0
2025-06-23 20:57:18,122 - __main__ - INFO - Loading envs... : False
2025-06-23 20:57:19,673 - __main__ - INFO - Total: 1.0
2025-06-23 21:15:51,288 - __main__ - INFO - Loading envs... : False
2025-06-23 21:15:53,276 - __main__ - INFO - Total: 1.0
2025-06-23 21:31:38,754 - __main__ - INFO - Loading envs... : False
2025-06-23 21:31:40,758 - __main__ - INFO - Total: 1.0
2025-06-23 21:43:05,896 - __main__ - INFO - Loading envs... : False
2025-06-23 21:43:08,669 - __main__ - INFO - Total: 1.0
2025-06-23 21:50:09,996 - __main__ - INFO - Loading envs... : False
2025-06-23 21:50:11,614 - __main__ - INFO - Total: 1.0
2025-06-23 21:57:13,351 - __main__ - INFO - Loading envs... : False
2025-06-23 21:57:15,311 - __main__ - INFO - Total: 1.0
2025-06-23 22:16:06,482 - __main__ - INFO - Loading envs... : False
2025-06-23 22:16:08,753 - __main__ - INFO - Total: 1.0
2025-06-23 22:37:05,912 - __main__ - INFO - Loading envs... : False
2025-06-23 22:37:08,236 - __main__ - INFO - Total: 1.0
2025-06-23 22:48:45,277 - __main__ - INFO - Loading envs... : False
2025-06-23 22:48:47,241 - __main__ - INFO - Total: 1.0
2025-06-23 22:55:47,932 - __main__ - INFO - Loading envs... : False
2025-06-23 22:55:49,864 - __main__ - INFO - Total: 1.0
2025-06-23 23:10:39,805 - __main__ - INFO - Loading envs... : False
2025-06-23 23:10:42,477 - __main__ - INFO - Total: 1.0
2025-06-23 23:27:04,551 - __main__ - INFO - Loading envs... : False
2025-06-23 23:27:06,556 - __main__ - INFO - Total: 1.0
2025-06-23 23:37:48,127 - __main__ - INFO - Loading envs... : False
2025-06-23 23:37:50,904 - __main__ - INFO - Total: 1.0
2025-06-23 23:45:21,309 - __main__ - INFO - Loading envs... : False
2025-06-23 23:45:23,082 - __main__ - INFO - Total: 1.0
2025-06-23 23:52:33,955 - __main__ - INFO - Loading envs... : False
2025-06-23 23:52:36,854 - __main__ - INFO - Total: 1.0
2025-06-23 23:59:30,687 - __main__ - INFO - Loading envs... : False
2025-06-23 23:59:33,342 - __main__ - INFO - Total: 1.0
2025-06-24 01:52:23,697 - __main__ - INFO - Loading envs... : False
2025-06-24 01:52:25,314 - __main__ - INFO - Total: 1.0
2025-06-24 03:12:20,041 - __main__ - INFO - Loading envs... : False
2025-06-24 03:12:21,741 - __main__ - INFO - Total: 1.0
2025-06-24 03:57:02,403 - __main__ - INFO - Loading envs... : False
2025-06-24 03:57:04,406 - __main__ - INFO - Total: 1.0
2025-06-24 04:26:14,202 - __main__ - INFO - Loading envs... : False
2025-06-24 04:26:15,867 - __main__ - INFO - Total: 1.0
2025-06-24 04:49:31,788 - __main__ - INFO - Loading envs... : False
2025-06-24 04:49:33,699 - __main__ - INFO - Total: 1.0
2025-06-24 05:01:45,048 - __main__ - INFO - Loading envs... : False
2025-06-24 05:01:46,628 - __main__ - INFO - Total: 1.0
2025-06-24 05:28:30,589 - __main__ - INFO - Loading envs... : False
2025-06-24 05:28:32,277 - __main__ - INFO - Total: 1.0
2025-06-24 05:45:08,977 - __main__ - INFO - Loading envs... : False
2025-06-24 05:45:11,798 - __main__ - INFO - Total: 1.0
2025-06-24 05:53:15,383 - __main__ - INFO - Loading envs... : False
2025-06-24 05:53:16,969 - __main__ - INFO - Total: 1.0
2025-06-24 06:00:21,848 - __main__ - INFO - Loading envs... : False
2025-06-24 06:00:24,589 - __main__ - INFO - Total: 1.0
2025-06-24 06:35:59,388 - __main__ - INFO - Loading envs... : False
2025-06-24 06:36:01,549 - __main__ - INFO - Total: 1.0
2025-06-24 06:55:34,433 - __main__ - INFO - Loading envs... : False
2025-06-24 06:55:36,887 - __main__ - INFO - Total: 1.0
2025-06-24 07:13:55,654 - __main__ - INFO - Loading envs... : False
2025-06-24 07:13:58,393 - __main__ - INFO - Total: 1.0
2025-06-24 07:32:17,353 - __main__ - INFO - Loading envs... : False
2025-06-24 07:32:19,850 - __main__ - INFO - Total: 1.0
2025-06-24 07:44:38,508 - __main__ - INFO - Loading envs... : False
2025-06-24 07:44:40,628 - __main__ - INFO - Total: 1.0
2025-06-24 07:51:56,519 - __main__ - INFO - Loading envs... : False
2025-06-24 07:51:58,626 - __main__ - INFO - Total: 1.0
2025-06-24 07:58:49,676 - __main__ - INFO - Loading envs... : False
2025-06-24 07:58:51,762 - __main__ - INFO - Total: 1.0
2025-06-24 08:28:39,089 - __main__ - INFO - Loading envs... : False
2025-06-24 08:28:41,139 - __main__ - INFO - Total: 1.0
2025-06-24 08:50:16,360 - __main__ - INFO - Loading envs... : False
2025-06-24 08:50:18,099 - __main__ - INFO - Total: 1.0
2025-06-24 09:00:49,732 - __main__ - INFO - Loading envs... : False
2025-06-24 09:00:51,539 - __main__ - INFO - Total: 1.0
2025-06-24 09:28:43,571 - __main__ - INFO - Loading envs... : False
2025-06-24 09:28:45,738 - __main__ - INFO - Total: 1.0
2025-06-24 09:44:46,353 - __main__ - INFO - Loading envs... : False
2025-06-24 09:44:48,166 - __main__ - INFO - Total: 1.0
2025-06-24 09:53:14,678 - __main__ - INFO - Loading envs... : False
2025-06-24 09:53:17,252 - __main__ - INFO - Total: 1.0
2025-06-24 10:00:18,395 - __main__ - INFO - Loading envs... : False
2025-06-24 10:00:21,023 - __main__ - INFO - Total: 1.0
2025-06-24 10:26:26,721 - __main__ - INFO - Loading envs... : False
2025-06-24 10:26:28,985 - __main__ - INFO - Total: 1.0
2025-06-24 10:45:26,878 - __main__ - INFO - Loading envs... : False
2025-06-24 10:45:30,007 - __main__ - INFO - Total: 1.0
2025-06-24 10:54:57,855 - __main__ - INFO - Loading envs... : False
2025-06-24 10:55:00,527 - __main__ - INFO - Total: 1.0
2025-06-24 11:10:28,843 - __main__ - INFO - Loading envs... : False
2025-06-24 11:10:30,829 - __main__ - INFO - Total: 1.0
2025-06-24 11:27:10,364 - __main__ - INFO - Loading envs... : False
2025-06-24 11:27:12,840 - __main__ - INFO - Total: 1.0
2025-06-24 11:38:07,267 - __main__ - INFO - Loading envs... : False
2025-06-24 11:38:09,430 - __main__ - INFO - Total: 1.0
2025-06-24 11:46:23,339 - __main__ - INFO - Loading envs... : False
2025-06-24 11:46:25,597 - __main__ - INFO - Total: 1.0
2025-06-24 11:53:26,366 - __main__ - INFO - Loading envs... : False
2025-06-24 11:53:28,717 - __main__ - INFO - Total: 1.0
2025-06-24 12:00:51,616 - __main__ - INFO - Loading envs... : False
2025-06-24 12:00:53,536 - __main__ - INFO - Total: 1.0
2025-06-24 12:53:37,870 - __main__ - INFO - Loading envs... : False
2025-06-24 12:53:39,889 - __main__ - INFO - Total: 1.0
2025-06-24 13:26:15,013 - __main__ - INFO - Loading envs... : False
2025-06-24 13:26:17,554 - __main__ - INFO - Total: 1.0
2025-06-24 13:49:49,350 - __main__ - INFO - Loading envs... : False
2025-06-24 13:49:51,371 - __main__ - INFO - Total: 1.0
2025-06-24 13:58:35,210 - __main__ - INFO - Loading envs... : False
2025-06-24 13:58:37,569 - __main__ - INFO - Total: 1.0
2025-06-24 14:20:09,968 - __main__ - INFO - Loading envs... : False
2025-06-24 14:20:11,459 - __main__ - INFO - Total: 1.0
2025-06-24 14:41:13,280 - __main__ - INFO - Loading envs... : False
2025-06-24 14:41:14,965 - __main__ - INFO - Total: 1.0
2025-06-24 14:51:37,922 - __main__ - INFO - Loading envs... : False
2025-06-24 14:51:39,459 - __main__ - INFO - Total: 1.0
2025-06-24 14:58:47,768 - __main__ - INFO - Loading envs... : False
2025-06-24 14:58:49,258 - __main__ - INFO - Total: 1.0
2025-06-24 15:22:24,981 - __main__ - INFO - Loading envs... : False
2025-06-24 15:22:26,685 - __main__ - INFO - Total: 1.0
2025-06-24 15:40:31,719 - __main__ - INFO - Loading envs... : False
2025-06-24 15:40:34,523 - __main__ - INFO - Total: 1.0
2025-06-24 15:51:39,685 - __main__ - INFO - Loading envs... : False
2025-06-24 15:51:41,437 - __main__ - INFO - Total: 1.0
2025-06-24 15:58:47,962 - __main__ - INFO - Loading envs... : False
2025-06-24 15:58:50,440 - __main__ - INFO - Total: 1.0
2025-06-24 16:26:32,195 - __main__ - INFO - Loading envs... : False
2025-06-24 16:26:33,893 - __main__ - INFO - Total: 1.0
2025-06-24 16:48:34,194 - __main__ - INFO - Loading envs... : False
2025-06-24 16:48:35,862 - __main__ - INFO - Total: 1.0
2025-06-24 17:00:46,606 - __main__ - INFO - Loading envs... : False
2025-06-24 17:00:48,162 - __main__ - INFO - Total: 1.0
2025-06-24 17:24:22,629 - __main__ - INFO - Loading envs... : False
2025-06-24 17:24:24,521 - __main__ - INFO - Total: 1.0
2025-06-24 17:40:46,685 - __main__ - INFO - Loading envs... : False
2025-06-24 17:40:49,192 - __main__ - INFO - Total: 1.0
2025-06-24 17:50:55,510 - __main__ - INFO - Loading envs... : False
2025-06-24 17:50:58,413 - __main__ - INFO - Total: 1.0
2025-06-24 17:57:59,729 - __main__ - INFO - Loading envs... : False
2025-06-24 17:58:02,143 - __main__ - INFO - Total: 1.0
2025-06-24 18:26:04,153 - __main__ - INFO - Loading envs... : False
2025-06-24 18:26:07,084 - __main__ - INFO - Total: 1.0
2025-06-24 18:48:48,191 - __main__ - INFO - Loading envs... : False
2025-06-24 18:48:50,999 - __main__ - INFO - Total: 1.0
2025-06-24 18:58:50,063 - __main__ - INFO - Loading envs... : False
2025-06-24 18:58:52,080 - __main__ - INFO - Total: 1.0
2025-06-24 19:16:42,473 - __main__ - INFO - Loading envs... : False
2025-06-24 19:16:45,209 - __main__ - INFO - Total: 1.0
2025-06-24 19:28:41,336 - __main__ - INFO - Loading envs... : False
2025-06-24 19:28:43,767 - __main__ - INFO - Total: 1.0
2025-06-24 19:38:25,128 - __main__ - INFO - Loading envs... : False
2025-06-24 19:38:27,819 - __main__ - INFO - Total: 1.0
2025-06-24 19:45:18,913 - __main__ - INFO - Loading envs... : False
2025-06-24 19:45:20,579 - __main__ - INFO - Total: 1.0
2025-06-24 19:52:40,934 - __main__ - INFO - Loading envs... : False
2025-06-24 19:52:43,230 - __main__ - INFO - Total: 1.0
2025-06-24 19:59:51,290 - __main__ - INFO - Loading envs... : False
2025-06-24 19:59:54,014 - __main__ - INFO - Total: 1.0
2025-06-24 20:26:02,202 - __main__ - INFO - Loading envs... : False
2025-06-24 20:26:04,091 - __main__ - INFO - Total: 1.0
2025-06-24 20:40:12,446 - __main__ - INFO - Loading envs... : False
2025-06-24 20:40:14,621 - __main__ - INFO - Total: 1.0
2025-06-24 20:50:24,338 - __main__ - INFO - Loading envs... : False
2025-06-24 20:50:26,599 - __main__ - INFO - Total: 1.0
2025-06-24 20:57:22,076 - __main__ - INFO - Loading envs... : False
2025-06-24 20:57:24,469 - __main__ - INFO - Total: 1.0
2025-06-24 21:16:13,475 - __main__ - INFO - Loading envs... : False
2025-06-24 21:16:15,290 - __main__ - INFO - Total: 1.0
2025-06-24 21:31:58,443 - __main__ - INFO - Loading envs... : False
2025-06-24 21:32:00,105 - __main__ - INFO - Total: 1.0
2025-06-24 21:43:43,256 - __main__ - INFO - Loading envs... : False
2025-06-24 21:43:45,788 - __main__ - INFO - Total: 1.0
2025-06-24 21:50:36,472 - __main__ - INFO - Loading envs... : False
2025-06-24 21:50:38,013 - __main__ - INFO - Total: 1.0
2025-06-24 21:57:39,694 - __main__ - INFO - Loading envs... : False
2025-06-24 21:57:41,554 - __main__ - INFO - Total: 1.0
2025-06-24 22:16:51,657 - __main__ - INFO - Loading envs... : False
2025-06-24 22:16:53,485 - __main__ - INFO - Total: 1.0
2025-06-24 22:37:29,738 - __main__ - INFO - Loading envs... : False
2025-06-24 22:37:31,354 - __main__ - INFO - Total: 1.0
2025-06-24 22:48:33,740 - __main__ - INFO - Loading envs... : False
2025-06-24 22:48:36,286 - __main__ - INFO - Total: 1.0
2025-06-24 22:55:45,345 - __main__ - INFO - Loading envs... : False
2025-06-24 22:55:47,767 - __main__ - INFO - Total: 1.0
2025-06-24 23:12:21,307 - __main__ - INFO - Loading envs... : False
2025-06-24 23:12:23,786 - __main__ - INFO - Total: 1.0
2025-06-24 23:29:48,677 - __main__ - INFO - Loading envs... : False
2025-06-24 23:29:50,864 - __main__ - INFO - Total: 1.0
2025-06-24 23:41:46,969 - __main__ - INFO - Loading envs... : False
2025-06-24 23:41:48,533 - __main__ - INFO - Total: 1.0
2025-06-24 23:49:24,169 - __main__ - INFO - Loading envs... : False
2025-06-24 23:49:26,646 - __main__ - INFO - Total: 1.0
2025-06-24 23:56:27,291 - __main__ - INFO - Loading envs... : False
2025-06-24 23:56:28,740 - __main__ - INFO - Total: 1.0
2025-06-25 01:13:49,564 - __main__ - INFO - Loading envs... : False
2025-06-25 01:13:53,072 - __main__ - INFO - Total: 1.0
2025-06-25 02:57:32,189 - __main__ - INFO - Loading envs... : False
2025-06-25 02:57:34,019 - __main__ - INFO - Total: 1.0
2025-06-25 03:49:16,225 - __main__ - INFO - Loading envs... : False
2025-06-25 03:49:18,296 - __main__ - INFO - Total: 1.0
2025-06-25 04:18:39,753 - __main__ - INFO - Loading envs... : False
2025-06-25 04:18:41,696 - __main__ - INFO - Total: 1.0
2025-06-25 04:46:07,977 - __main__ - INFO - Loading envs... : False
2025-06-25 04:46:10,632 - __main__ - INFO - Total: 1.0
2025-06-25 04:59:26,711 - __main__ - INFO - Loading envs... : False
2025-06-25 04:59:28,332 - __main__ - INFO - Total: 1.0
2025-06-25 05:22:36,316 - __main__ - INFO - Loading envs... : False
2025-06-25 05:22:38,988 - __main__ - INFO - Total: 1.0
2025-06-25 05:41:18,758 - __main__ - INFO - Loading envs... : False
2025-06-25 05:41:20,558 - __main__ - INFO - Total: 1.0
2025-06-25 05:51:37,391 - __main__ - INFO - Loading envs... : False
2025-06-25 05:51:40,021 - __main__ - INFO - Total: 1.0
2025-06-25 05:58:45,026 - __main__ - INFO - Loading envs... : False
2025-06-25 05:58:47,053 - __main__ - INFO - Total: 1.0
2025-06-25 06:30:54,918 - __main__ - INFO - Loading envs... : False
2025-06-25 06:30:57,669 - __main__ - INFO - Total: 1.0
2025-06-25 06:53:52,899 - __main__ - INFO - Loading envs... : False
2025-06-25 06:53:55,436 - __main__ - INFO - Total: 1.0
2025-06-25 07:10:59,436 - __main__ - INFO - Loading envs... : False
2025-06-25 07:11:02,317 - __main__ - INFO - Total: 1.0
2025-06-25 07:31:07,904 - __main__ - INFO - Loading envs... : False
2025-06-25 07:31:10,748 - __main__ - INFO - Total: 1.0
2025-06-25 07:43:33,198 - __main__ - INFO - Loading envs... : False
2025-06-25 07:43:36,041 - __main__ - INFO - Total: 1.0
2025-06-25 07:51:16,362 - __main__ - INFO - Loading envs... : False
2025-06-25 07:51:18,674 - __main__ - INFO - Total: 1.0
2025-06-25 07:58:10,857 - __main__ - INFO - Loading envs... : False
2025-06-25 07:58:12,438 - __main__ - INFO - Total: 1.0
2025-06-25 08:27:07,013 - __main__ - INFO - Loading envs... : False
2025-06-25 08:27:08,603 - __main__ - INFO - Total: 1.0
2025-06-25 08:49:22,523 - __main__ - INFO - Loading envs... : False
2025-06-25 08:49:24,293 - __main__ - INFO - Total: 1.0
2025-06-25 09:00:50,143 - __main__ - INFO - Loading envs... : False
2025-06-25 09:00:52,177 - __main__ - INFO - Total: 1.0
2025-06-25 09:29:29,881 - __main__ - INFO - Loading envs... : False
2025-06-25 09:29:33,056 - __main__ - INFO - Total: 1.0
2025-06-25 09:46:10,184 - __main__ - INFO - Loading envs... : False
2025-06-25 09:46:13,222 - __main__ - INFO - Total: 1.0
2025-06-25 10:11:39,674 - __main__ - INFO - Loading envs... : False
2025-06-25 10:11:41,466 - __main__ - INFO - Total: 1.0
2025-06-25 10:37:59,858 - __main__ - INFO - Loading envs... : False
2025-06-25 10:38:01,550 - __main__ - INFO - Total: 1.0
2025-06-25 10:51:44,811 - __main__ - INFO - Loading envs... : False
2025-06-25 10:51:47,381 - __main__ - INFO - Total: 1.0
2025-06-25 10:58:46,390 - __main__ - INFO - Loading envs... : False
2025-06-25 10:58:48,468 - __main__ - INFO - Total: 1.0
2025-06-25 11:18:02,948 - __main__ - INFO - Loading envs... : False
2025-06-25 11:18:07,956 - __main__ - INFO - Total: 1.0
2025-06-25 11:31:44,380 - __main__ - INFO - Loading envs... : False
2025-06-25 11:31:45,985 - __main__ - INFO - Total: 1.0
2025-06-25 11:43:13,835 - __main__ - INFO - Loading envs... : False
2025-06-25 11:43:16,294 - __main__ - INFO - Total: 1.0
2025-06-25 11:50:17,813 - __main__ - INFO - Loading envs... : False
2025-06-25 11:50:19,731 - __main__ - INFO - Total: 1.0
2025-06-25 11:57:21,584 - __main__ - INFO - Loading envs... : False
2025-06-25 11:57:23,180 - __main__ - INFO - Total: 1.0
2025-06-25 12:36:00,084 - __main__ - INFO - Loading envs... : False
2025-06-25 12:36:02,421 - __main__ - INFO - Total: 1.0
2025-06-25 13:19:27,721 - __main__ - INFO - Loading envs... : False
2025-06-25 13:19:29,824 - __main__ - INFO - Total: 1.0
2025-06-25 13:48:06,539 - __main__ - INFO - Loading envs... : False
2025-06-25 13:48:09,000 - __main__ - INFO - Total: 1.0
2025-06-25 13:58:46,877 - __main__ - INFO - Loading envs... : False
2025-06-25 13:58:50,130 - __main__ - INFO - Total: 1.0
2025-06-25 14:20:18,597 - __main__ - INFO - Loading envs... : False
2025-06-25 14:20:20,905 - __main__ - INFO - Total: 1.0
2025-06-25 14:41:50,371 - __main__ - INFO - Loading envs... : False
2025-06-25 14:41:53,217 - __main__ - INFO - Total: 1.0
2025-06-25 14:53:57,079 - __main__ - INFO - Loading envs... : False
2025-06-25 14:53:59,332 - __main__ - INFO - Total: 1.0
2025-06-25 15:10:19,726 - __main__ - INFO - Loading envs... : False
2025-06-25 15:10:22,420 - __main__ - INFO - Total: 1.0
2025-06-25 15:34:33,787 - __main__ - INFO - Loading envs... : False
2025-06-25 15:34:35,593 - __main__ - INFO - Total: 1.0
2025-06-25 15:48:34,716 - __main__ - INFO - Loading envs... : False
2025-06-25 15:48:37,464 - __main__ - INFO - Total: 1.0
2025-06-25 15:57:08,114 - __main__ - INFO - Loading envs... : False
2025-06-25 15:57:10,422 - __main__ - INFO - Total: 1.0
2025-06-25 16:21:09,769 - __main__ - INFO - Loading envs... : False
2025-06-25 16:21:12,423 - __main__ - INFO - Total: 1.0
2025-06-25 16:46:24,586 - __main__ - INFO - Loading envs... : False
2025-06-25 16:46:26,599 - __main__ - INFO - Total: 1.0
2025-06-25 16:59:27,902 - __main__ - INFO - Loading envs... : False
2025-06-25 16:59:30,372 - __main__ - INFO - Total: 1.0
2025-06-25 17:19:59,028 - __main__ - INFO - Loading envs... : False
2025-06-25 17:20:01,559 - __main__ - INFO - Total: 1.0
2025-06-25 17:38:50,217 - __main__ - INFO - Loading envs... : False
2025-06-25 17:38:52,337 - __main__ - INFO - Total: 1.0
2025-06-25 17:48:44,511 - __main__ - INFO - Loading envs... : False
2025-06-25 17:48:46,435 - __main__ - INFO - Total: 1.0
2025-06-25 17:55:32,271 - __main__ - INFO - Loading envs... : False
2025-06-25 17:55:33,666 - __main__ - INFO - Total: 1.0
2025-06-25 18:18:21,721 - __main__ - INFO - Loading envs... : False
2025-06-25 18:18:23,998 - __main__ - INFO - Total: 1.0
2025-06-25 18:46:15,408 - __main__ - INFO - Loading envs... : False
2025-06-25 18:46:17,022 - __main__ - INFO - Total: 1.0
2025-06-25 18:58:53,576 - __main__ - INFO - Loading envs... : False
2025-06-25 18:58:56,090 - __main__ - INFO - Total: 1.0
2025-06-25 19:14:57,252 - __main__ - INFO - Loading envs... : False
2025-06-25 19:14:59,462 - __main__ - INFO - Total: 1.0
2025-06-25 19:26:54,318 - __main__ - INFO - Loading envs... : False
2025-06-25 19:26:56,535 - __main__ - INFO - Total: 1.0
2025-06-25 19:35:59,014 - __main__ - INFO - Loading envs... : False
2025-06-25 19:36:00,924 - __main__ - INFO - Total: 1.0
2025-06-25 19:43:22,532 - __main__ - INFO - Loading envs... : False
2025-06-25 19:43:24,232 - __main__ - INFO - Total: 1.0
2025-06-25 19:50:25,753 - __main__ - INFO - Loading envs... : False
2025-06-25 19:50:27,995 - __main__ - INFO - Total: 1.0
2025-06-25 19:57:13,341 - __main__ - INFO - Loading envs... : False
2025-06-25 19:57:15,985 - __main__ - INFO - Total: 1.0
2025-06-25 20:18:40,849 - __main__ - INFO - Loading envs... : False
2025-06-25 20:18:43,035 - __main__ - INFO - Total: 1.0
2025-06-25 20:38:38,136 - __main__ - INFO - Loading envs... : False
2025-06-25 20:38:42,332 - __main__ - INFO - Total: 1.0
2025-06-25 20:50:27,653 - __main__ - INFO - Loading envs... : False
2025-06-25 20:50:30,598 - __main__ - INFO - Total: 1.0
2025-06-25 20:58:36,067 - __main__ - INFO - Loading envs... : False
2025-06-25 20:58:38,121 - __main__ - INFO - Total: 1.0
2025-06-25 21:18:41,638 - __main__ - INFO - Loading envs... : False
2025-06-25 21:18:44,318 - __main__ - INFO - Total: 1.0
2025-06-25 21:32:52,251 - __main__ - INFO - Loading envs... : False
2025-06-25 21:32:53,882 - __main__ - INFO - Total: 1.0
2025-06-25 21:44:08,267 - __main__ - INFO - Loading envs... : False
2025-06-25 21:44:10,678 - __main__ - INFO - Total: 1.0
2025-06-25 21:51:16,993 - __main__ - INFO - Loading envs... : False
2025-06-25 21:51:19,377 - __main__ - INFO - Total: 1.0
2025-06-25 21:58:08,356 - __main__ - INFO - Loading envs... : False
2025-06-25 21:58:09,706 - __main__ - INFO - Total: 1.0
2025-06-25 22:17:37,884 - __main__ - INFO - Loading envs... : False
2025-06-25 22:17:39,644 - __main__ - INFO - Total: 1.0
2025-06-25 22:37:41,401 - __main__ - INFO - Loading envs... : False
2025-06-25 22:37:44,213 - __main__ - INFO - Total: 1.0
2025-06-25 22:48:58,410 - __main__ - INFO - Loading envs... : False
2025-06-25 22:49:00,950 - __main__ - INFO - Total: 1.0
2025-06-25 22:56:16,701 - __main__ - INFO - Loading envs... : False
2025-06-25 22:56:17,946 - __main__ - INFO - Total: 1.0
2025-06-25 23:13:47,642 - __main__ - INFO - Loading envs... : False
2025-06-25 23:13:49,728 - __main__ - INFO - Total: 1.0
2025-06-25 23:30:07,979 - __main__ - INFO - Loading envs... : False
2025-06-25 23:30:10,626 - __main__ - INFO - Total: 1.0
2025-06-25 23:42:22,626 - __main__ - INFO - Loading envs... : False
2025-06-25 23:42:25,357 - __main__ - INFO - Total: 1.0
2025-06-25 23:51:04,183 - __main__ - INFO - Loading envs... : False
2025-06-25 23:51:06,177 - __main__ - INFO - Total: 1.0
2025-06-25 23:58:04,527 - __main__ - INFO - Loading envs... : False
2025-06-25 23:58:05,891 - __main__ - INFO - Total: 1.0
2025-06-26 01:27:38,201 - __main__ - INFO - Loading envs... : False
2025-06-26 01:27:40,695 - __main__ - INFO - Total: 1.0
2025-06-26 03:05:22,235 - __main__ - INFO - Loading envs... : False
2025-06-26 03:05:23,952 - __main__ - INFO - Total: 1.0
2025-06-26 03:53:37,850 - __main__ - INFO - Loading envs... : False
2025-06-26 03:53:39,574 - __main__ - INFO - Total: 1.0
2025-06-26 04:18:14,509 - __main__ - INFO - Loading envs... : False
2025-06-26 04:18:16,448 - __main__ - INFO - Total: 1.0
2025-06-26 04:45:27,974 - __main__ - INFO - Loading envs... : False
2025-06-26 04:45:29,686 - __main__ - INFO - Total: 1.0
2025-06-26 04:58:15,980 - __main__ - INFO - Loading envs... : False
2025-06-26 04:58:17,757 - __main__ - INFO - Total: 1.0
2025-06-26 05:19:41,369 - __main__ - INFO - Loading envs... : False
2025-06-26 05:19:43,562 - __main__ - INFO - Total: 1.0
2025-06-26 05:40:09,667 - __main__ - INFO - Loading envs... : False
2025-06-26 05:40:12,274 - __main__ - INFO - Total: 1.0
2025-06-26 05:51:01,703 - __main__ - INFO - Loading envs... : False
2025-06-26 05:51:04,349 - __main__ - INFO - Total: 1.0
2025-06-26 05:58:07,862 - __main__ - INFO - Loading envs... : False
2025-06-26 05:58:09,468 - __main__ - INFO - Total: 1.0
2025-06-26 06:28:55,953 - __main__ - INFO - Loading envs... : False
2025-06-26 06:28:57,883 - __main__ - INFO - Total: 1.0
2025-06-26 06:52:20,467 - __main__ - INFO - Loading envs... : False
2025-06-26 06:52:23,166 - __main__ - INFO - Total: 1.0
2025-06-26 07:01:18,119 - __main__ - INFO - Loading envs... : False
2025-06-26 07:01:20,452 - __main__ - INFO - Total: 1.0
2025-06-26 07:26:08,943 - __main__ - INFO - Loading envs... : False
2025-06-26 07:26:10,889 - __main__ - INFO - Total: 1.0
2025-06-26 07:38:57,348 - __main__ - INFO - Loading envs... : False
2025-06-26 07:39:00,125 - __main__ - INFO - Total: 1.0
2025-06-26 07:47:04,676 - __main__ - INFO - Loading envs... : False
2025-06-26 07:47:07,644 - __main__ - INFO - Total: 1.0
2025-06-26 07:54:09,954 - __main__ - INFO - Loading envs... : False
2025-06-26 07:54:12,529 - __main__ - INFO - Total: 1.0
2025-06-26 08:14:01,882 - __main__ - INFO - Loading envs... : False
2025-06-26 08:14:04,817 - __main__ - INFO - Total: 1.0
2025-06-26 08:42:55,452 - __main__ - INFO - Loading envs... : False
2025-06-26 08:42:57,353 - __main__ - INFO - Total: 1.0
2025-06-26 08:57:18,450 - __main__ - INFO - Loading envs... : False
2025-06-26 08:57:21,021 - __main__ - INFO - Total: 1.0
2025-06-26 09:18:24,213 - __main__ - INFO - Loading envs... : False
2025-06-26 09:18:25,699 - __main__ - INFO - Total: 1.0
2025-06-26 09:38:30,269 - __main__ - INFO - Loading envs... : False
2025-06-26 09:38:32,801 - __main__ - INFO - Total: 1.0
2025-06-26 09:49:12,421 - __main__ - INFO - Loading envs... : False
2025-06-26 09:49:13,851 - __main__ - INFO - Total: 1.0
2025-06-26 09:56:22,757 - __main__ - INFO - Loading envs... : False
2025-06-26 09:56:25,337 - __main__ - INFO - Total: 1.0
2025-06-26 10:16:03,584 - __main__ - INFO - Loading envs... : False
2025-06-26 10:16:05,405 - __main__ - INFO - Total: 1.0
2025-06-26 10:41:12,496 - __main__ - INFO - Loading envs... : False
2025-06-26 10:41:14,222 - __main__ - INFO - Total: 1.0
2025-06-26 10:53:48,927 - __main__ - INFO - Loading envs... : False
2025-06-26 10:53:50,746 - __main__ - INFO - Total: 1.0
2025-06-26 11:08:18,606 - __main__ - INFO - Loading envs... : False
2025-06-26 11:08:20,858 - __main__ - INFO - Total: 1.0
2025-06-26 11:25:47,371 - __main__ - INFO - Loading envs... : False
2025-06-26 11:25:49,953 - __main__ - INFO - Total: 1.0
2025-06-26 11:37:13,063 - __main__ - INFO - Loading envs... : False
2025-06-26 11:37:16,684 - __main__ - INFO - Total: 1.0
2025-06-26 11:45:33,502 - __main__ - INFO - Loading envs... : False
2025-06-26 11:45:35,713 - __main__ - INFO - Total: 1.0
2025-06-26 11:52:53,040 - __main__ - INFO - Loading envs... : False
2025-06-26 11:52:54,419 - __main__ - INFO - Total: 1.0
2025-06-26 11:59:47,021 - __main__ - INFO - Loading envs... : False
2025-06-26 11:59:48,507 - __main__ - INFO - Total: 1.0
2025-06-26 12:48:37,431 - __main__ - INFO - Loading envs... : False
2025-06-26 12:48:39,755 - __main__ - INFO - Total: 1.0
2025-06-26 13:23:29,045 - __main__ - INFO - Loading envs... : False
2025-06-26 13:23:31,715 - __main__ - INFO - Total: 1.0
2025-06-26 13:47:18,615 - __main__ - INFO - Loading envs... : False
2025-06-26 13:47:21,201 - __main__ - INFO - Total: 1.0
2025-06-26 13:56:22,798 - __main__ - INFO - Loading envs... : False
2025-06-26 13:56:24,776 - __main__ - INFO - Total: 1.0
2025-06-26 14:13:57,174 - __main__ - INFO - Loading envs... : False
2025-06-26 14:13:58,879 - __main__ - INFO - Total: 1.0
2025-06-26 14:35:36,827 - __main__ - INFO - Loading envs... : False
2025-06-26 14:35:39,839 - __main__ - INFO - Total: 1.0
2025-06-26 14:49:27,293 - __main__ - INFO - Loading envs... : False
2025-06-26 14:49:29,536 - __main__ - INFO - Total: 1.0
2025-06-26 14:56:35,427 - __main__ - INFO - Loading envs... : False
2025-06-26 14:56:37,770 - __main__ - INFO - Total: 1.0
2025-06-26 15:16:22,933 - __main__ - INFO - Loading envs... : False
2025-06-26 15:16:24,651 - __main__ - INFO - Total: 1.0
2025-06-26 15:35:43,234 - __main__ - INFO - Loading envs... : False
2025-06-26 15:35:45,021 - __main__ - INFO - Total: 1.0
2025-06-26 15:49:18,973 - __main__ - INFO - Loading envs... : False
2025-06-26 15:49:21,358 - __main__ - INFO - Total: 1.0
2025-06-26 15:58:30,134 - __main__ - INFO - Loading envs... : False
2025-06-26 15:58:31,398 - __main__ - INFO - Total: 1.0
2025-06-26 16:24:41,968 - __main__ - INFO - Loading envs... : False
2025-06-26 16:24:44,053 - __main__ - INFO - Total: 1.0
2025-06-26 16:46:22,870 - __main__ - INFO - Loading envs... : False
2025-06-26 16:46:24,997 - __main__ - INFO - Total: 1.0
2025-06-26 16:58:42,721 - __main__ - INFO - Loading envs... : False
2025-06-26 16:58:45,070 - __main__ - INFO - Total: 1.0
2025-06-26 17:18:13,762 - __main__ - INFO - Loading envs... : False
2025-06-26 17:18:15,604 - __main__ - INFO - Total: 1.0
2025-06-26 17:35:32,228 - __main__ - INFO - Loading envs... : False
2025-06-26 17:35:34,471 - __main__ - INFO - Total: 1.0
2025-06-26 17:46:24,729 - __main__ - INFO - Loading envs... : False
2025-06-26 17:46:26,975 - __main__ - INFO - Total: 1.0
2025-06-26 17:53:20,114 - __main__ - INFO - Loading envs... : False
2025-06-26 17:53:22,208 - __main__ - INFO - Total: 1.0
2025-06-26 18:00:35,411 - __main__ - INFO - Loading envs... : False
2025-06-26 18:00:38,009 - __main__ - INFO - Total: 1.0
2025-06-26 18:34:15,465 - __main__ - INFO - Loading envs... : False
2025-06-26 18:34:17,651 - __main__ - INFO - Total: 1.0
2025-06-26 18:53:32,793 - __main__ - INFO - Loading envs... : False
2025-06-26 18:53:34,433 - __main__ - INFO - Total: 1.0
2025-06-26 19:01:11,334 - __main__ - INFO - Loading envs... : False
2025-06-26 19:01:14,150 - __main__ - INFO - Total: 1.0
2025-06-26 19:20:08,394 - __main__ - INFO - Loading envs... : False
2025-06-26 19:20:11,198 - __main__ - INFO - Total: 1.0
2025-06-26 19:30:45,053 - __main__ - INFO - Loading envs... : False
2025-06-26 19:30:46,828 - __main__ - INFO - Total: 1.0
2025-06-26 19:40:30,422 - __main__ - INFO - Loading envs... : False
2025-06-26 19:40:32,641 - __main__ - INFO - Total: 1.0
2025-06-26 19:47:36,106 - __main__ - INFO - Loading envs... : False
2025-06-26 19:47:37,506 - __main__ - INFO - Total: 1.0
2025-06-26 19:54:58,580 - __main__ - INFO - Loading envs... : False
2025-06-26 19:55:01,288 - __main__ - INFO - Total: 1.0
2025-06-26 20:11:20,700 - __main__ - INFO - Loading envs... : False
2025-06-26 20:11:22,663 - __main__ - INFO - Total: 1.0
2025-06-26 20:32:57,104 - __main__ - INFO - Loading envs... : False
2025-06-26 20:32:59,381 - __main__ - INFO - Total: 1.0
2025-06-26 20:46:10,838 - __main__ - INFO - Loading envs... : False
2025-06-26 20:46:13,396 - __main__ - INFO - Total: 1.0
2025-06-26 20:54:18,581 - __main__ - INFO - Loading envs... : False
2025-06-26 20:54:20,380 - __main__ - INFO - Total: 1.0
2025-06-26 21:09:04,226 - __main__ - INFO - Loading envs... : False
2025-06-26 21:09:06,669 - __main__ - INFO - Total: 1.0
2025-06-26 21:28:41,860 - __main__ - INFO - Loading envs... : False
2025-06-26 21:28:43,868 - __main__ - INFO - Total: 1.0
2025-06-26 21:40:27,138 - __main__ - INFO - Loading envs... : False
2025-06-26 21:40:28,891 - __main__ - INFO - Total: 1.0
2025-06-26 21:48:00,937 - __main__ - INFO - Loading envs... : False
2025-06-26 21:48:03,056 - __main__ - INFO - Total: 1.0
2025-06-26 21:55:04,641 - __main__ - INFO - Loading envs... : False
2025-06-26 21:55:06,955 - __main__ - INFO - Total: 1.0
2025-06-26 22:11:24,816 - __main__ - INFO - Loading envs... : False
2025-06-26 22:11:27,139 - __main__ - INFO - Total: 1.0
2025-06-26 22:33:51,862 - __main__ - INFO - Loading envs... : False
2025-06-26 22:33:53,649 - __main__ - INFO - Total: 1.0
2025-06-26 22:47:04,763 - __main__ - INFO - Loading envs... : False
2025-06-26 22:47:06,433 - __main__ - INFO - Total: 1.0
2025-06-26 22:54:03,177 - __main__ - INFO - Loading envs... : False
2025-06-26 22:54:05,672 - __main__ - INFO - Total: 1.0
